<?xml version="1.0" encoding="UTF-8"?>
<!-- Generated by org.testng.reporters.JUnitReportReporter -->
<testsuite skipped="0" hostname="DESKTOP-VAQKFJ2" name="com.app.suite.ReadOTP" tests="1" failures="0" timestamp="2023-05-15T21:42:41 IST" time="4.506" errors="0">
  <testcase name="readOTP" time="4.506" classname="com.app.suite.ReadOTP"/>
</testsuite> <!-- com.app.suite.ReadOTP -->
